<?xml version="1.0" encoding="UTF-8"?>
<!-- Generated by org.testng.reporters.JUnitReportReporter -->
<testsuite hostname="L-INE-JQSQVG3" failures="0" tests="1" name="testCases.TC001_AccountRegistrationTest" time="4.454" errors="0" timestamp="2025-08-19T14:45:46 IST" skipped="0">
  <testcase classname="testCases.TC001_AccountRegistrationTest" name="verify_RegisterAccount" time="4.454"/>
</testsuite> <!-- testCases.TC001_AccountRegistrationTest -->
