<?xml version="1.0" encoding="UTF-8"?>
<!-- Generated by org.testng.reporters.JUnitReportReporter -->
<testsuite hostname="L-INE-JQSQVG3" failures="0" tests="1" name="testCases.TC002_LoginTest" time="2.162" errors="0" timestamp="2025-08-19T14:45:46 IST" skipped="0">
  <testcase classname="testCases.TC002_LoginTest" name="verify_Login" time="2.162"/>
</testsuite> <!-- testCases.TC002_LoginTest -->
